
ROM used: 569 (7%)
          569 (7%) including unused fragments

          1 Average locations per line
          4 Average locations per statement

RAM used: 24 (7%) at main() level
          36 (10%) worst case

Stack used: 5 worst case (out of 7 total available)

Lines Stmts  %   Files
----- ----- ---  -----
   88    74  54  lab Assignment04-2.c
   21     0   0  lab Assignment04-2.h
  410     0   0  C:\Program Files (x86)\PICC\devices\16F887.h
  178    63  46  C:\Program Files (x86)\PICC\drivers\lcd.c
----- -----
  697   137 Total

Page ROM  %  RAM   Vol Diff  Functions:
---- --- --- ---   --- ----  ----------
0     20   4   1   526  5.3  @delay_ms2
0      8   1   0             @const68
 Inline        3   463  4.3  lcd_read_byte
0     15   3   1   134  2.2  lcd_send_nibble
0     60  11   3   317  4.3  lcd_send_byte
0     44   8   2   422  4.7  lcd_init
0     18   3   4   186  5.5  lcd_gotoxy
0     37   7   1   272  4.1  lcd_putc
0     16   3   0   125  3.0  time0_isr
0     89  16   2   653  4.3  rs232_isr
0    183  32   1   941  6.2  MAIN
0      9   2   0             @const99
0     10   2   0             @const100

Program metrics:
    Functions               10
    Statements              137
    Comments                137
    Volume (V)              6326
    Difficilty (D)          43.6
    Effort to implement (E) 276037
    Time to implement (T)   4 hours, 16 minutes
    Est Delivered Bugs (B)  1
    Cyclomatic Complexity   21
    Maintainability (MI)    68

 Segment     Used  Free
-----------  ----  ----
00000-00003     4  0  
00004-0003B    56  0  
0003C-007FF   509  1479  
00800-00FFF     0  2048  
01000-017FF     0  2048  
01800-01FFF     0  2048  



