
ROM used: 1382 (17%)
          1382 (17%) including unused fragments

          2 Average locations per line
          4 Average locations per statement

RAM used: 45 (12%) at main() level
          55 (15%) worst case

Stack used: 6 worst case (out of 7 total available)

Lines Stmts  %   Files
----- ----- ---  -----
  305   306  83  Lab Assignment 05.c
   20     0   0  Lab Assignment 05.h
  410     0   0  C:\Program Files (x86)\PICC\devices\16F887.h
  178    63  17  C:\Program Files (x86)\PICC\drivers\lcd.c
----- -----
  913   369 Total

Page ROM  %  RAM   Vol Diff  Functions:
---- --- --- ---   --- ----  ----------
0     20   1   1             @delay_ms2
0      8   1   0             @const73
 Inline        3   463  4.3  lcd_read_byte
0     15   1   1   134  2.2  lcd_send_nibble
0     60   4   3   317  4.3  lcd_send_byte
0     44   3   2   422  4.7  lcd_init
0     18   1   4   186  5.5  lcd_gotoxy
0     37   3   1   272  4.1  lcd_putc
0     98   7   0  1321  4.4  time0_isr
0    802  58   6  7996  7.4  MAIN
0     17   1   0             @const110
0     15   1   0             @const111
0     10   1   0             @const112
0     13   1   0             @const113
0      9   1   0             @const114
0      9   1   0             @const115
0     10   1   0             @const116
0     10   1   0             @const117
0     81   6   1   402  2.4  lcd
0     55   4   1   248  2.3  LCD1

Program metrics:
    Functions               10
    Statements              369
    Comments                137
    Volume (V)              15353
    Difficilty (D)          41.8
    Effort to implement (E) 641256
    Time to implement (T)   9 hours, 54 minutes
    Est Delivered Bugs (B)  2
    Cyclomatic Complexity   66
    Maintainability (MI)    47

 Segment     Used  Free
-----------  ----  ----
00000-00003     4  0  
00004-00032    47  0  
00033-007FF  1331  666  
00800-00FFF     0  2048  
01000-017FF     0  2048  
01800-01FFF     0  2048  



