
ROM used: 241 (3%)
          241 (3%) including unused fragments

          0 Average locations per line
          4 Average locations per statement

RAM used: 12 (3%) at main() level
          23 (6%) worst case

Stack used: 1 worst case (out of 8 total available)

Lines Stmts  %   Files
----- ----- ---  -----
   71    54 100  Lab Assignment 01.c
   20     0   0  Lab Assignment 01.h
  410     0   0  C:\Program Files (x86)\PICC\devices\16F887.h
----- -----
  501    54 Total

Page ROM  %  RAM   Vol Diff  Functions:
---- --- --- ---   --- ----  ----------
 Inline        1             @delay_ms2
0    143  59   0   935  6.3  main
0     94  39  11   501  6.7  LED

Program metrics:
    Functions               2
    Statements              54
    Comments                86
    Volume (V)              1666
    Difficilty (D)          12.8
    Effort to implement (E) 21378
    Time to implement (T)   20 minutes
    Est Delivered Bugs (B)  0
    Cyclomatic Complexity   8
    Maintainability (MI)    48

 Segment     Used  Free
-----------  ----  ----
00000-00003     4  0  
00004-007FF   237  1807  
00800-00FFF     0  2048  
01000-017FF     0  2048  
01800-01FFF     0  2048  



