
ROM used: 237 (3%)
          237 (3%) including unused fragments

          1 Average locations per line
          7 Average locations per statement

RAM used: 36 (10%) at main() level
          36 (10%) worst case

Stack used: 1 worst case (out of 8 total available)

Lines Stmts  %   Files
----- ----- ---  -----
   48    35 100  Assignment03.c
   16     0   0  Assignment03.h
  312     0   0  C:\Program Files (x86)\PICC\devices\16F877A.h
----- -----
  376    35 Total

Page ROM  %  RAM   Vol Diff  Functions:
---- --- --- ---   --- ----  ----------
0     20   8   1             @delay_ms2
0    213  90  29  1584  8.5  main

Program metrics:
    Functions               1
    Statements              35
    Comments                75
    Volume (V)              1587
    Difficilty (D)          8.4
    Effort to implement (E) 13362
    Time to implement (T)   12 minutes
    Est Delivered Bugs (B)  0
    Cyclomatic Complexity   4
    Maintainability (MI)    112

 Segment     Used  Free
-----------  ----  ----
00000-00003     4  0  
00004-007FF   233  1811  
00800-00FFF     0  2048  
01000-017FF     0  2048  
01800-01FFF     0  2048  



