
ROM used: 346 (4%)
          346 (4%) including unused fragments

          1 Average locations per line
          4 Average locations per statement

RAM used: 8 (2%) at main() level
          22 (6%) worst case

Stack used: 2 worst case (out of 8 total available)

Lines Stmts  %   Files
----- ----- ---  -----
  101    84 100  LAB05-MatrexSW.c
   16     0   0  LAB05-MatrexSW.h
  312     0   0  C:\Program Files (x86)\PICC\devices\16F877A.h
----- -----
  429    84 Total

Page ROM  %  RAM   Vol Diff  Functions:
---- --- --- ---   --- ----  ----------
0     20   6   1             @delay_ms2
0     87  25   1   406  4.3  main
0    235  68  13  2263  4.9  matrixSw

Program metrics:
    Functions               2
    Statements              84
    Comments                76
    Volume (V)              2949
    Difficilty (D)          9.2
    Effort to implement (E) 27194
    Time to implement (T)   25 minutes
    Est Delivered Bugs (B)  0
    Cyclomatic Complexity   13
    Maintainability (MI)    65

 Segment     Used  Free
-----------  ----  ----
00000-00003     4  0  
00004-007FF   342  1702  
00800-00FFF     0  2048  
01000-017FF     0  2048  
01800-01FFF     0  2048  



