
ROM used: 211 (3%)
          211 (3%) including unused fragments

          0 Average locations per line
          0 Average locations per statement

RAM used: 26 (7%) at main() level
          26 (7%) worst case

Stack used: 1 worst case (out of 7 total available)

Lines Stmts  %   Files
----- ----- ---  -----
   39    20   4  Jinny.c
   21     0   0  Jinny.h
  410     0   0  C:\Program Files (x86)\PICC\devices\16F887.h
  899   380  72  C:\Program Files (x86)\PICC\drivers\stdlib.h
   28     0   0  C:\Program Files (x86)\PICC\drivers\stddef.h
  417   126  24  C:\Program Files (x86)\PICC\drivers\string.h
   28     0   0  C:\Program Files (x86)\PICC\drivers\ctype.h
----- -----
 1842   526 Total

Page ROM  %  RAM   Vol Diff  Functions:
---- --- --- ---   --- ----  ----------
0      8   4   0    20  1.3  rs232_isr
0    150  71   4   468  4.8  MAIN

Program metrics:
    Functions               2
    Statements              526
    Comments                851
    Volume (V)              525
    Difficilty (D)          6.5
    Effort to implement (E) 3418
    Time to implement (T)   3 minutes
    Est Delivered Bugs (B)  0
    Cyclomatic Complexity   1
    Maintainability (MI)    77

 Segment     Used  Free
-----------  ----  ----
00000-00003     4  0  
00004-00034    49  0  
00035-007FF   158  1837  
00800-00FFF     0  2048  
01000-017FF     0  2048  
01800-01FFF     0  2048  



