
ROM used: 210 (3%)
          210 (3%) including unused fragments

          0 Average locations per line
          15 Average locations per statement

RAM used: 33 (9%) at main() level
          35 (10%) worst case

Stack used: 1 worst case (out of 8 total available)

Lines Stmts  %   Files
----- ----- ---  -----
   40    14 100  Assignment09.c
   21     0   0  Assignment09.h
  410     0   0  C:\Program Files (x86)\PICC\devices\16F887.h
----- -----
  471    14 Total

Page ROM  %  RAM   Vol Diff  Functions:
---- --- --- ---   --- ----  ----------
0     20  10   1             @delay_ms1
0     26  12   2             @PUTCHAR_BIU_1
0    160  76  26   805  5.4  main

Program metrics:
    Functions               1
    Statements              14
    Comments                99
    Volume (V)              810
    Difficilty (D)          5.2
    Effort to implement (E) 4245
    Time to implement (T)   4 minutes
    Est Delivered Bugs (B)  0
    Cyclomatic Complexity   1
    Maintainability (MI)    108

 Segment     Used  Free
-----------  ----  ----
00000-00003     4  0  
00004-007FF   206  1838  
00800-00FFF     0  2048  
01000-017FF     0  2048  
01800-01FFF     0  2048  



