
ROM used: 108 (1%)
          108 (1%) including unused fragments

          0 Average locations per line
          4 Average locations per statement

RAM used: 10 (3%) at main() level
          10 (3%) worst case

Stack used: 0 worst case (out of 8 total available)

Lines Stmts  %   Files
----- ----- ---  -----
   39    27 100  LAB06-Timer0.c
   16     0   0  LAB06-Timer0.h
  312     0   0  C:\Program Files (x86)\PICC\devices\16F877A.h
----- -----
  367    27 Total

Page ROM  %  RAM   Vol Diff  Functions:
---- --- --- ---   --- ----  ----------
0    104  96   3   650  4.3  main

Program metrics:
    Functions               1
    Statements              27
    Comments                77
    Volume (V)              650
    Difficilty (D)          4.3
    Effort to implement (E) 2809
    Time to implement (T)   3 minutes
    Est Delivered Bugs (B)  0
    Cyclomatic Complexity   3
    Maintainability (MI)    126

 Segment     Used  Free
-----------  ----  ----
00000-00003     4  0  
00004-007FF   104  1940  
00800-00FFF     0  2048  
01000-017FF     0  2048  
01800-01FFF     0  2048  



