
ROM used: 161 (2%)
          161 (2%) including unused fragments

          0 Average locations per line
          12 Average locations per statement

RAM used: 19 (5%) at main() level
          20 (5%) worst case

Stack used: 1 worst case (out of 8 total available)

Lines Stmts  %   Files
----- ----- ---  -----
   25    14 100  Lab Assignment 04.c
   21     0   0  Lab Assignment 04.h
  410     0   0  C:\Program Files (x86)\PICC\devices\16F887.h
----- -----
  456    14 Total

Page ROM  %  RAM   Vol Diff  Functions:
---- --- --- ---   --- ----  ----------
0     20  12   1             @delay_ms1
0    137  85  12   568  5.3  main

Program metrics:
    Functions               1
    Statements              14
    Comments                86
    Volume (V)              571
    Difficilty (D)          5.2
    Effort to implement (E) 2942
    Time to implement (T)   3 minutes
    Est Delivered Bugs (B)  0
    Cyclomatic Complexity   1
    Maintainability (MI)    144

 Segment     Used  Free
-----------  ----  ----
00000-00003     4  0  
00004-007FF   157  1887  
00800-00FFF     0  2048  
01000-017FF     0  2048  
01800-01FFF     0  2048  



