
ROM used: 171 (2%)
          171 (2%) including unused fragments

          0 Average locations per line
          5 Average locations per statement

RAM used: 13 (4%) at main() level
          16 (4%) worst case

Stack used: 1 worst case (out of 8 total available)

Lines Stmts  %   Files
----- ----- ---  -----
   69    37 100  Assignment05.c
   16     0   0  Assignment05.h
  312     0   0  C:\Program Files (x86)\PICC\devices\16F877A.h
----- -----
  397    37 Total

Page ROM  %  RAM   Vol Diff  Functions:
---- --- --- ---   --- ----  ----------
0    146  85   6  1041  5.4  main
0     21  12   3             @DIV88

Program metrics:
    Functions               1
    Statements              37
    Comments                98
    Volume (V)              1044
    Difficilty (D)          5.3
    Effort to implement (E) 5514
    Time to implement (T)   5 minutes
    Est Delivered Bugs (B)  0
    Cyclomatic Complexity   5
    Maintainability (MI)    93

 Segment     Used  Free
-----------  ----  ----
00000-00003     4  0  
00004-007FF   167  1877  
00800-00FFF     0  2048  
01000-017FF     0  2048  
01800-01FFF     0  2048  



