
ROM used: 421 (5%)
          421 (5%) including unused fragments

          1 Average locations per line
          4 Average locations per statement

RAM used: 22 (6%) at main() level
          32 (9%) worst case

Stack used: 4 worst case (out of 8 total available)

Lines Stmts  %   Files
----- ----- ---  -----
   57    45  42  Assingment04.c
   16     0   0  Assingment04.h
  312     0   0  C:\Program Files (x86)\PICC\devices\16F877A.h
  178    63  58  C:\Program Files (x86)\PICC\drivers\lcd.c
----- -----
  563   108 Total

Page ROM  %  RAM   Vol Diff  Functions:
---- --- --- ---   --- ----  ----------
0     20   5   1             @delay_ms2
0      8   2   0             @const59
 Inline        3   463  4.3  lcd_read_byte
0     15   4   1   134  2.2  lcd_send_nibble
0     60  14   3   317  4.3  lcd_send_byte
0     44  10   2   422  4.7  lcd_init
0     18   4   4   186  5.5  lcd_gotoxy
0     37   9   1   272  4.1  lcd_putc
0    215  51  15  1590  5.9  MAIN

Program metrics:
    Functions               7
    Statements              108
    Comments                126
    Volume (V)              4808
    Difficilty (D)          31.0
    Effort to implement (E) 148838
    Time to implement (T)   2 hours, 18 minutes
    Est Delivered Bugs (B)  1
    Cyclomatic Complexity   13
    Maintainability (MI)    107

 Segment     Used  Free
-----------  ----  ----
00000-00003     4  0  
00004-007FF   417  1627  
00800-00FFF     0  2048  
01000-017FF     0  2048  
01800-01FFF     0  2048  



