
ROM used: 170 (2%)
          170 (2%) including unused fragments

          0 Average locations per line
          6 Average locations per statement

RAM used: 20 (5%) at main() level
          21 (6%) worst case

Stack used: 1 worst case (out of 8 total available)

Lines Stmts  %   Files
----- ----- ---  -----
   39    27 100  Assignment2.c
   16     0   0  Assignment2.h
  312     0   0  C:\Program Files (x86)\PICC\devices\16F877A.h
----- -----
  367    27 Total

Page ROM  %  RAM   Vol Diff  Functions:
---- --- --- ---   --- ----  ----------
0     20  12   1             @delay_ms1
0    146  86  13   910  5.8  main

Program metrics:
    Functions               1
    Statements              27
    Comments                84
    Volume (V)              913
    Difficilty (D)          5.7
    Effort to implement (E) 5239
    Time to implement (T)   5 minutes
    Est Delivered Bugs (B)  0
    Cyclomatic Complexity   3
    Maintainability (MI)    131

 Segment     Used  Free
-----------  ----  ----
00000-00003     4  0  
00004-007FF   166  1878  
00800-00FFF     0  2048  
01000-017FF     0  2048  
01800-01FFF     0  2048  



