
ROM used: 489 (6%)
          489 (6%) including unused fragments

          1 Average locations per line
          5 Average locations per statement

RAM used: 60 (16%) at main() level
          70 (19%) worst case

Stack used: 4 worst case (out of 8 total available)

Lines Stmts  %   Files
----- ----- ---  -----
   50    35  36  LAB041-LCD.c
   16     0   0  LAB041-LCD.h
  312     0   0  C:\Program Files (x86)\PICC\devices\16F877A.h
  178    63  64  C:\Program Files (x86)\PICC\drivers\lcd.c
----- -----
  556    98 Total

Page ROM  %  RAM   Vol Diff  Functions:
---- --- --- ---   --- ----  ----------
0     20   4   1   212  2.3  @delay_ms2
0      8   2   0  1584  8.5  @const59
 Inline        3   463  4.3  lcd_read_byte
0     15   3   1   134  2.2  lcd_send_nibble
0     60  12   3   317  4.3  lcd_send_byte
0     44   9   2   422  4.7  lcd_init
0     18   4   4   186  5.5  lcd_gotoxy
0     37   8   1   272  4.1  lcd_putc
0    283  58  53  2203  5.5  MAIN

Program metrics:
    Functions               9
    Statements              98
    Comments                126
    Volume (V)              8283
    Difficilty (D)          42.0
    Effort to implement (E) 347943
    Time to implement (T)   5 hours, 22 minutes
    Est Delivered Bugs (B)  2
    Cyclomatic Complexity   15
    Maintainability (MI)    73

 Segment     Used  Free
-----------  ----  ----
00000-00003     4  0  
00004-007FF   485  1559  
00800-00FFF     0  2048  
01000-017FF     0  2048  
01800-01FFF     0  2048  



