
ROM used: 385 (5%)
          385 (5%) including unused fragments

          1 Average locations per line
          4 Average locations per statement

RAM used: 18 (5%) at main() level
          28 (8%) worst case

Stack used: 4 worst case (out of 8 total available)

Lines Stmts  %   Files
----- ----- ---  -----
   38    27  30  LAB04-LCD.c
   16     0   0  LAB04-LCD.h
  312     0   0  C:\Program Files (x86)\PICC\devices\16F877A.h
  178    63  70  C:\Program Files (x86)\PICC\drivers\lcd.c
----- -----
  544    90 Total

Page ROM  %  RAM   Vol Diff  Functions:
---- --- --- ---   --- ----  ----------
0     20   5   1   212  2.3  @delay_ms2
0      8   2   0  1584  8.5  @const59
 Inline        3   463  4.3  lcd_read_byte
0     15   4   1   134  2.2  lcd_send_nibble
0     60  16   3   317  4.3  lcd_send_byte
0     44  11   2   422  4.7  lcd_init
0     18   5   4   186  5.5  lcd_gotoxy
0     37  10   1   272  4.1  lcd_putc
0    165  43  11   977  5.3  MAIN
0     14   4   0             @const90

Program metrics:
    Functions               9
    Statements              90
    Comments                126
    Volume (V)              6764
    Difficilty (D)          41.3
    Effort to implement (E) 279011
    Time to implement (T)   4 hours, 18 minutes
    Est Delivered Bugs (B)  1
    Cyclomatic Complexity   12
    Maintainability (MI)    76

 Segment     Used  Free
-----------  ----  ----
00000-00003     4  0  
00004-007FF   381  1663  
00800-00FFF     0  2048  
01000-017FF     0  2048  
01800-01FFF     0  2048  



