
ROM used: 153 (2%)
          153 (2%) including unused fragments

          0 Average locations per line
          7 Average locations per statement

RAM used: 16 (4%) at main() level
          16 (4%) worst case

Stack used: 1 worst case (out of 7 total available)

Lines Stmts  %   Files
----- ----- ---  -----
   36    22 100  LAB061-interrupt.c
   16     0   0  LAB061-interrupt.h
  312     0   0  C:\Program Files (x86)\PICC\devices\16F877A.h
----- -----
  364    22 Total

Page ROM  %  RAM   Vol Diff  Functions:
---- --- --- ---   --- ----  ----------
0      7   5   0    29  1.2  time0_isr
0     95  62   0   444  3.8  MAIN

Program metrics:
    Functions               2
    Statements              22
    Comments                75
    Volume (V)              517
    Difficilty (D)          5.5
    Effort to implement (E) 2819
    Time to implement (T)   3 minutes
    Est Delivered Bugs (B)  0
    Cyclomatic Complexity   1
    Maintainability (MI)    100

 Segment     Used  Free
-----------  ----  ----
00000-00003     4  0  
00004-00032    47  0  
00033-007FF   102  1895  
00800-00FFF     0  2048  
01000-017FF     0  2048  
01800-01FFF     0  2048  



