
ROM used: 649 (8%)
          649 (8%) including unused fragments

          1 Average locations per line
          3 Average locations per statement

RAM used: 24 (7%) at main() level
          25 (7%) worst case

Stack used: 3 worst case (out of 7 total available)

Lines Stmts  %   Files
----- ----- ---  -----
  329   223 100  ABU2.c
   69     0   0  ABU2.h
  284     0   0  C:\Program Files (x86)\PICC\devices\16F877.h
----- -----
  682   223 Total

Page ROM  %  RAM   Vol Diff  Functions:
---- --- --- ---   --- ----  ----------
0     20   3   1             @delay_ms2
0    146  22   0  1027  5.3  timer0_isr
0      4   1   0     3  0.0  timer1_isr
0      8   1   0    20  1.3  rs232_isr
0    216  33   1  2159  5.9  MAIN
0     25   4   0   321  5.1  delay
0      8   1   0    86  1.3  Up
0      8   1   0    86  1.3  Left
0      8   1   0    86  1.3  Right
0      8   1   0    86  1.3  Down
0     11   2   0   149  1.3  RollRight
0     11   2   0   149  1.3  RollLeft
0      8   1   0    80  2.4  Shoot
0      4   1   0    17  0.8  RollMag
0      5   1   0    32  1.0  LiftUp
0      5   1   0    32  1.0  LiftDown
0      5   1   0    32  1.0  AngleUp
0      5   1   0    32  1.0  AngleDown
0     30   5   1   240  5.0  Upspeed
0     34   5   1   310  5.1  Downspped
0     11   2   0   130  1.8  Stop

Program metrics:
    Functions               20
    Statements              223
    Comments                171
    Volume (V)              8086
    Difficilty (D)          47.4
    Effort to implement (E) 383632
    Time to implement (T)   5 hours, 55 minutes
    Est Delivered Bugs (B)  2
    Cyclomatic Complexity   33
    Maintainability (MI)    51

 Segment     Used  Free
-----------  ----  ----
00000-00003     4  0  
00004-00044    65  0  
00045-007FF   580  1399  
00800-00FFF     0  2048  
01000-017FF     0  2048  
01800-01FFF     0  2048  



