
ROM used: 108 (1%)
          108 (1%) including unused fragments

          0 Average locations per line
          8 Average locations per statement

RAM used: 8 (2%) at main() level
          8 (2%) worst case

Stack used: 0 worst case (out of 8 total available)

Lines Stmts  %   Files
----- ----- ---  -----
   26    13 100  LAB11.c
   20     0   0  LAB11.h
  410     0   0  C:\Program Files (x86)\PICC\devices\16F887.h
----- -----
  456    13 Total

Page ROM  %  RAM   Vol Diff  Functions:
---- --- --- ---   --- ----  ----------
0    104  96   1   333  3.3  main

Program metrics:
    Functions               1
    Statements              13
    Comments                86
    Volume (V)              333
    Difficilty (D)          3.3
    Effort to implement (E) 1093
    Time to implement (T)   1 minutes
    Est Delivered Bugs (B)  0
    Cyclomatic Complexity   1
    Maintainability (MI)    148

 Segment     Used  Free
-----------  ----  ----
00000-00003     4  0  
00004-007FF   104  1940  
00800-00FFF     0  2048  
01000-017FF     0  2048  
01800-01FFF     0  2048  



