
ROM used: 1483 (18%)
          1483 (18%) including unused fragments

          2 Average locations per line
          9 Average locations per statement

RAM used: 9 (2%) at main() level
          24 (7%) worst case

Stack used: 5 worst case (out of 8 total available)

Lines Stmts  %   Files
----- ----- ---  -----
  132   104  62  master.c
   18     0   0  master.h
  312     0   0  C:\Program Files (x86)\PICC\devices\16F877A.h
  178    63  38  C:\Program Files (x86)\PICC\drivers\lcd.c
----- -----
  640   167 Total

Page ROM  %  RAM   Vol Diff  Functions:
---- --- --- ---   --- ----  ----------
0     20   1   1             @delay_ms1
0     84   6   3             @I2C_READ_1
0     92   6   1             @I2C_WRITE_1
0      8   1   0             @const64
 Inline        3   463  4.3  lcd_read_byte
0     15   1   1   134  2.2  lcd_send_nibble
0     60   4   3   317  4.3  lcd_send_byte
0     44   3   2   422  4.7  lcd_init
0     18   1   4   186  5.5  lcd_gotoxy
0     37   2   1   272  4.1  lcd_putc
0    945  64   2  4062  3.5  MAIN
0     17   1   0             @const93
0     21   1   3   370  2.7  @DIV88
0    101   7   6   391  2.8  @PRINTF_D_84
0     17   1   0             @const102

Program metrics:
    Functions               9
    Statements              167
    Comments                157
    Volume (V)              9045
    Difficilty (D)          34.3
    Effort to implement (E) 309926
    Time to implement (T)   4 hours, 47 minutes
    Est Delivered Bugs (B)  2
    Cyclomatic Complexity   7
    Maintainability (MI)    97

 Segment     Used  Free
-----------  ----  ----
00000-00003     4  0  
00004-007FF  1479  565  
00800-00FFF     0  2048  
01000-017FF     0  2048  
01800-01FFF     0  2048  



