
ROM used: 286 (3%)
          286 (3%) including unused fragments

          1 Average locations per line
          5 Average locations per statement

RAM used: 22 (6%) at main() level
          33 (9%) worst case

Stack used: 2 worst case (out of 7 total available)

Lines Stmts  %   Files
----- ----- ---  -----
   77    55 100  Lab Assignment 02.c
   20     0   0  Lab Assignment 02.h
  410     0   0  C:\Program Files (x86)\PICC\devices\16F887.h
----- -----
  507    55 Total

Page ROM  %  RAM   Vol Diff  Functions:
---- --- --- ---   --- ----  ----------
 Inline        1             @delay_ms2
0      7   2   0    29  1.2  time0_isr
0    139  49   0   941  5.3  MAIN
0     89  31  11   473  6.6  LED

Program metrics:
    Functions               3
    Statements              55
    Comments                88
    Volume (V)              1725
    Difficilty (D)          13.6
    Effort to implement (E) 23389
    Time to implement (T)   22 minutes
    Est Delivered Bugs (B)  0
    Cyclomatic Complexity   9
    Maintainability (MI)    133

 Segment     Used  Free
-----------  ----  ----
00000-00003     4  0  
00004-00032    47  0  
00033-007FF   235  1762  
00800-00FFF     0  2048  
01000-017FF     0  2048  
01800-01FFF     0  2048  



