
ROM used: 149 (2%)
          149 (2%) including unused fragments

          0 Average locations per line
          14 Average locations per statement

RAM used: 7 (2%) at main() level
          9 (2%) worst case

Stack used: 1 worst case (out of 8 total available)

Lines Stmts  %   Files
----- ----- ---  -----
   22    11 100  LAB09-Asynchronous.c
   21     0   0  LAB09-Asynchronous.h
  410     0   0  C:\Program Files (x86)\PICC\devices\16F887.h
----- -----
  453    11 Total

Page ROM  %  RAM   Vol Diff  Functions:
---- --- --- ---   --- ----  ----------
0     22  15   1             @delay_ms1
0     26  17   2             @PUTCHAR_BIU_1
0     97  65   0   248  2.8  main

Program metrics:
    Functions               1
    Statements              11
    Comments                86
    Volume (V)              252
    Difficilty (D)          2.6
    Effort to implement (E) 645
    Time to implement (T)   1 minutes
    Est Delivered Bugs (B)  0
    Cyclomatic Complexity   1
    Maintainability (MI)    152

 Segment     Used  Free
-----------  ----  ----
00000-00003     4  0  
00004-007FF   145  1899  
00800-00FFF     0  2048  
01000-017FF     0  2048  
01800-01FFF     0  2048  



